<?xml version="1.0" encoding="UTF-8"?>
<!-- Generated by org.testng.reporters.JUnitReportReporter -->
<testsuite hostname="Chandra" failures="0" tests="2" name="testScripts.homePageTest" time="1.300" errors="0" timestamp="2023-10-05T23:00:03 IST" skipped="0">
  <testcase classname="testScripts.homePageTest" name="test_dashboardText" time="1.267"/>
  <system-out/>
  <testcase classname="testScripts.homePageTest" name="test_homePageLogo" time="0.033"/>
  <system-out/>
</testsuite> <!-- testScripts.homePageTest -->
