<?xml version="1.0" encoding="UTF-8"?>
<!-- Generated by org.testng.reporters.JUnitReportReporter -->
<testsuite hostname="Chandra" failures="0" tests="1" name="testScripts.loginTest" time="0.374" errors="0" timestamp="2023-10-05T23:00:03 IST" skipped="0">
  <testcase classname="testScripts.loginTest" name="test_login" time="0.374"/>
  <system-out/>
</testsuite> <!-- testScripts.loginTest -->
